::1 - - [13/Mar/2024:13:37:56 -0300] "GET / HTTP/1.1" 200 1933
::1 - - [13/Mar/2024:13:37:56 -0300] "GET /favicon.ico HTTP/1.1" 404 196
::1 - - [13/Mar/2024:13:37:58 -0300] "GET /javascript/cruiseList.js HTTP/1.1" 304 -
::1 - - [13/Mar/2024:13:38:00 -0300] "GET /cruiseList.php HTTP/1.1" 200 2767
::1 - - [13/Mar/2024:13:38:03 -0300] "GET /createChoose.php HTTP/1.1" 200 2404
::1 - - [13/Mar/2024:13:38:04 -0300] "GET /phpmyadmin/index.php?route=/sql&server=1&db=sakila&table=logs&pos=0 HTTP/1.1" 200 4795
::1 - - [13/Mar/2024:13:38:09 -0300] "GET /phpmyadmin/js/messages.php?l=en&v=5.1.3 HTTP/1.1" 200 7921
::1 - - [13/Mar/2024:13:38:12 -0300] "POST /phpmyadmin/index.php?route=/ HTTP/1.1" 302 20
::1 - - [13/Mar/2024:13:38:12 -0300] "GET /phpmyadmin/index.php?route=/&route=%2F&db=sakila&table=logs HTTP/1.1" 200 16762
::1 - - [13/Mar/2024:13:38:15 -0300] "GET /phpmyadmin/themes/pmahomme/css/theme.css?v=5.1.3&nocache=439276073ltr&server=1 HTTP/1.1" 200 216144
::1 - - [13/Mar/2024:13:38:15 -0300] "POST /phpmyadmin/index.php?route=/config/get HTTP/1.1" 200 1524
::1 - - [13/Mar/2024:13:38:15 -0300] "POST /phpmyadmin/index.php?route=/navigation&ajax_request=1 HTTP/1.1" 200 2075
::1 - - [13/Mar/2024:13:38:16 -0300] "GET /cruiseList.php HTTP/1.1" 200 2767
::1 - - [13/Mar/2024:13:38:15 -0300] "POST /phpmyadmin/index.php?route=/config/get HTTP/1.1" 200 1612
::1 - - [13/Mar/2024:13:38:15 -0300] "GET /phpmyadmin/index.php?route=/recent-table&ajax_request=1&recent_table=1&no_debug=true&_nocache=1710347895864963456&token=3e4d5a4d6a462b4277566f5c6f3b6d62 HTTP/1.1" 200 1570
::1 - - [13/Mar/2024:13:38:16 -0300] "POST /phpmyadmin/index.php?route=/navigation&ajax_request=1 HTTP/1.1" 200 2141
::1 - - [13/Mar/2024:13:38:16 -0300] "POST /phpmyadmin/index.php?route=/config/set HTTP/1.1" 200 1515
::1 - - [13/Mar/2024:13:38:17 -0300] "GET /logs.php HTTP/1.1" 200 2266
::1 - - [13/Mar/2024:13:38:17 -0300] "GET /CSS/logs.css HTTP/1.1" 304 -
::1 - - [13/Mar/2024:13:38:17 -0300] "GET /javascript/logs.js HTTP/1.1" 200 4078
::1 - - [13/Mar/2024:13:38:40 -0300] "GET /logs.php HTTP/1.1" 200 2264
::1 - - [13/Mar/2024:13:58:07 -0300] "GET /logs.php HTTP/1.1" 500 1985
::1 - - [13/Mar/2024:13:58:26 -0300] "GET /logs.php HTTP/1.1" 500 1985
::1 - - [13/Mar/2024:13:58:30 -0300] "GET /phpmyadmin/index.php?route=/&route=%2F&db=sakila&table=logs HTTP/1.1" 200 16762
::1 - - [13/Mar/2024:13:58:30 -0300] "GET /phpmyadmin/themes/pmahomme/css/theme.css?v=5.1.3&nocache=58875186ltr&server=1 HTTP/1.1" 200 216144
::1 - - [13/Mar/2024:13:58:31 -0300] "GET /phpmyadmin/favicon.ico HTTP/1.1" 200 22486
::1 - - [13/Mar/2024:13:58:31 -0300] "POST /phpmyadmin/index.php?route=/config/get HTTP/1.1" 200 1524
::1 - - [13/Mar/2024:13:58:31 -0300] "POST /phpmyadmin/index.php?route=/navigation&ajax_request=1 HTTP/1.1" 200 2560
::1 - - [13/Mar/2024:13:58:31 -0300] "POST /phpmyadmin/index.php?route=/config/get HTTP/1.1" 200 1613
::1 - - [13/Mar/2024:13:58:31 -0300] "GET /phpmyadmin/index.php?route=/recent-table&ajax_request=1&recent_table=1&no_debug=true&_nocache=1710349111074868290&token=3e4d5a4d6a462b4277566f5c6f3b6d62 HTTP/1.1" 200 1570
::1 - - [13/Mar/2024:13:58:31 -0300] "POST /phpmyadmin/index.php?route=/config/set HTTP/1.1" 200 1515
::1 - - [13/Mar/2024:13:59:02 -0300] "GET /logs.php HTTP/1.1" 200 4591
::1 - - [13/Mar/2024:13:59:47 -0300] "GET /logs.php HTTP/1.1" 500 1985
::1 - - [13/Mar/2024:13:59:55 -0300] "GET /logs.php HTTP/1.1" 500 1985
::1 - - [13/Mar/2024:14:00:07 -0300] "GET /logs.php HTTP/1.1" 500 1985
::1 - - [13/Mar/2024:14:00:45 -0300] "GET /logs.php HTTP/1.1" 500 1985
::1 - - [13/Mar/2024:14:00:59 -0300] "GET /logs.php HTTP/1.1" 200 3789
::1 - - [13/Mar/2024:14:01:32 -0300] "GET /logs.php HTTP/1.1" 200 3469
